junit.framework.JUnit4TestCaseFacade:toString junit.framework.JUnit4TestCaseFacade:getDescription
org.junit.experimental.theories.suppliers.TestedOnSupplier:getValueSources org.junit.experimental.theories.ParameterSignature:getAnnotation
junit.textui.ResultPrinter:printFooter junit.framework.TestResult:errorCount
org.junit.internal.runners.statements.ExpectException:evaluate org.junit.runners.model.Statement:evaluate
org.junit.experimental.max.MaxCore:getMalformedTestClass org.junit.runner.Description:toString
junit.framework.TestCase:runBare junit.framework.TestCase:tearDown
org.junit.runner.JUnitCore:run org.junit.runner.Runner:run
org.junit.runners.Parameterized:getParametersMethod org.junit.runners.model.TestClass:getAnnotatedMethods
junit.textui.TestRunner:start junit.textui.TestRunner:extractClassName
org.junit.experimental.theories.internal.AllMembersSupplier:addMultiPointMethods org.junit.runners.model.TestClass:getAnnotatedMethods
org.junit.experimental.theories.Theories:validateDataPointFields org.junit.experimental.theories.Theories:getTestClass
org.junit.runners.model.RunnerBuilder:safeRunnerForClass org.junit.runners.model.RunnerBuilder:runnerForClass
junit.framework.JUnit4TestAdapterCache:asTest org.junit.runner.Description:isSuite
org.junit.runners.BlockJUnit4ClassRunner:validateConstructor org.junit.runners.BlockJUnit4ClassRunner:validateOnlyOneConstructor
junit.framework.TestResult:runProtected junit.framework.TestResult:addError
org.junit.internal.runners.JUnit4ClassRunner:filter org.junit.internal.runners.JUnit4ClassRunner:methodDescription
org.junit.runners.Suite:runChild org.junit.runner.Runner:run
org.junit.internal.TextListener:testRunFinished org.junit.runner.Result:getRunTime
junit.framework.TestSuite:toString junit.framework.TestSuite:getName
junit.textui.ResultPrinter:printHeader junit.textui.ResultPrinter:elapsedTimeAsString
org.junit.internal.runners.MethodRoadie:run org.junit.internal.runners.TestMethod:isIgnored
org.junit.internal.runners.JUnit38ClassRunner:makeDescription junit.framework.TestCase:getName
org.junit.Assert:assertArrayEquals org.junit.internal.InexactComparisonCriteria:arrayEquals
org.junit.experimental.max.MaxHistory:getTestDuration org.junit.runner.Description:toString
org.junit.internal.runners.JUnit4ClassRunner:invokeTestMethod org.junit.internal.runners.MethodRoadie:run
org.junit.runner.JUnitCore:removeListener org.junit.runner.notification.RunNotifier:removeListener
org.junit.internal.runners.ErrorReportingRunner:runCause org.junit.runner.notification.RunNotifier:fireTestFailure
junit.textui.ResultPrinter:printDefectHeader junit.textui.ResultPrinter:getWriter
org.junit.runners.ParentRunner:classBlock org.junit.runners.ParentRunner:childrenInvoker
junit.framework.JUnit4TestAdapterCache:asTest junit.framework.JUnit4TestAdapterCache:createTest
org.junit.internal.TextListener:printFailures org.junit.runner.Result:getFailures
junit.textui.ResultPrinter:print junit.textui.ResultPrinter:printHeader
org.junit.experimental.max.MaxCore:buildRunner org.junit.runner.Description:getTestClass
org.junit.runners.BlockJUnit4ClassRunner:runChild org.junit.internal.runners.model.EachTestNotifier:addFailedAssumption
org.junit.experimental.max.MaxHistory:putTestFailureTimestamp org.junit.runner.Description:toString
junit.runner.BaseTestRunner:startTest junit.runner.BaseTestRunner:testStarted
org.junit.runners.BlockJUnit4ClassRunner:collectInitializationErrors org.junit.runners.BlockJUnit4ClassRunner:validateInstanceMethods
org.junit.internal.runners.JUnit4ClassRunner:run org.junit.internal.runners.ClassRoadie:runProtected
org.junit.runners.BlockJUnit4ClassRunner:withAfters org.junit.runners.BlockJUnit4ClassRunner:getTestClass
org.junit.rules.ErrorCollector:checkSucceeds org.junit.rules.ErrorCollector:addError
org.junit.internal.runners.JUnit4ClassRunner:validate org.junit.internal.runners.MethodValidator:assertValid
org.junit.internal.runners.statements.RunAfters:evaluate org.junit.runners.model.Statement:evaluate
org.junit.experimental.theories.internal.Assignments:potentialsForNextUnassigned org.junit.experimental.theories.internal.Assignments:nextUnassigned
org.junit.internal.runners.MethodValidator:validateInstanceMethods org.junit.internal.runners.TestClass:getAnnotatedMethods
org.junit.runner.JUnitCore:run org.junit.runner.Runner:getDescription
org.junit.runner.notification.Failure:getTrace org.junit.runner.notification.Failure:getException
org.junit.runners.BlockJUnit4ClassRunner:possiblyExpectingExceptions org.junit.runners.model.FrameworkMethod:getAnnotation
org.junit.experimental.max.MaxCore:sortedLeavesForTest org.junit.experimental.max.MaxCore:sortRequest
org.junit.runners.BlockJUnit4ClassRunner:runChild org.junit.runners.model.Statement:evaluate
junit.extensions.TestDecorator:run junit.extensions.TestDecorator:basicRun
org.junit.internal.runners.JUnit4ClassRunner:classAnnotations org.junit.internal.runners.TestClass:getJavaClass
org.junit.experimental.max.MaxCore:buildRunner org.junit.runner.Description:toString
org.junit.internal.builders.AllDefaultPossibilitiesBuilder:runnerForClass org.junit.internal.builders.AllDefaultPossibilitiesBuilder:ignoredBuilder
org.junit.experimental.max.MaxCore:buildRunner org.junit.runner.Description:getMethodName
org.junit.internal.TextListener:printFailure org.junit.runner.notification.Failure:getTrace
junit.framework.JUnit4TestAdapterCache:createTest junit.framework.TestSuite:addTest
org.junit.runner.Result:wasSuccessful org.junit.runner.Result:getFailureCount
org.junit.experimental.theories.internal.AllMembersSupplier:addFields org.junit.experimental.theories.ParameterSignature:canAcceptArrayType
junit.framework.JUnit4TestAdapter:sort org.junit.runner.manipulation.Sorter:apply
junit.runner.BaseTestRunner:addFailure junit.runner.BaseTestRunner:testFailed
junit.framework.JUnit4TestAdapterCache:createTest org.junit.runner.Description:getDisplayName
org.junit.runner.Description:testCount org.junit.runner.Description:getChildren
org.junit.internal.runners.JUnit4ClassRunner:getDescription org.junit.internal.runners.JUnit4ClassRunner:classAnnotations
junit.textui.ResultPrinter:startTest junit.textui.ResultPrinter:getWriter
org.junit.runners.BlockJUnit4ClassRunner:createTest org.junit.runners.BlockJUnit4ClassRunner:getTestClass
junit.framework.JUnit4TestAdapterCache:createTest org.junit.runner.Description:getChildren
org.junit.internal.runners.ClassRoadie:runAfters org.junit.internal.runners.TestClass:getAfters
junit.framework.JUnit4TestAdapter:run org.junit.runner.Runner:run
org.junit.internal.runners.MethodValidator:validateMethodsForDefaultRunner org.junit.internal.runners.MethodValidator:validateInstanceMethods
org.junit.runner.Description:methodStringMatcher org.junit.runner.Description:toString
org.junit.experimental.theories.internal.Assignments:getConstructorArguments org.junit.experimental.theories.internal.Assignments:getActualValues
org.junit.internal.runners.TestMethod:isUnexpected org.junit.internal.runners.TestMethod:getExpectedException
junit.textui.TestRunner:runAndWait junit.textui.TestRunner:doRun
org.junit.runner.Description:isEmpty org.junit.runner.Description:equals
junit.framework.TestFailure:isFailure junit.framework.TestFailure:thrownException
org.junit.internal.runners.JUnit38ClassRunner:filter junit.framework.TestSuite:getName
org.junit.runners.model.TestClass:addToAnnotationLists org.junit.runners.model.FrameworkMember:isShadowedBy
org.junit.internal.runners.MethodValidator:validateNoArgConstructor org.junit.internal.runners.TestClass:getConstructor
org.junit.rules.TestName:starting org.junit.runners.model.FrameworkMethod:getName
junit.textui.ResultPrinter:printDefectTrace junit.textui.ResultPrinter:getWriter
junit.extensions.ActiveTestSuite:run junit.extensions.ActiveTestSuite:waitUntilFinished
org.junit.runner.Description:toString org.junit.runner.Description:getDisplayName
junit.framework.JUnit4TestAdapter:removeIgnored org.junit.runner.Description:getChildren
org.junit.experimental.theories.Theories:validateTestMethods org.junit.runners.model.FrameworkMethod:getAnnotation
org.junit.runners.BlockJUnit4ClassRunner:runChild org.junit.internal.runners.model.EachTestNotifier:addFailure
org.junit.internal.runners.MethodRoadie:runTestMethod org.junit.internal.runners.TestMethod:isUnexpected
org.junit.rules.ExpectedException:expect org.junit.internal.matchers.CombinableMatcher:and
org.junit.runners.ParentRunner:sortChild org.junit.runner.manipulation.Sorter:apply
org.junit.internal.runners.MethodRoadie:runWithTimeout org.junit.internal.runners.MethodRoadie:runBeforesThenTestThenAfters
org.junit.experimental.theories.internal.Assignments:getActualValues org.junit.experimental.theories.PotentialAssignment:getValue
junit.framework.TestSuite:run junit.framework.TestSuite:runTest
org.junit.internal.requests.FilterRequest:getRunner org.junit.runner.Request:getRunner
junit.textui.ResultPrinter:printErrors junit.framework.TestResult:errorCount
org.junit.internal.requests.SortingRequest:getRunner org.junit.runner.manipulation.Sorter:apply
org.junit.experimental.max.MaxHistory:isNewTest org.junit.runner.Description:toString
org.junit.experimental.max.MaxCore:run org.junit.runner.Request:getRunner
junit.textui.ResultPrinter:printErrors junit.framework.TestResult:errors
org.junit.runners.BlockJUnit4ClassRunner:testName org.junit.runners.model.FrameworkMethod:getName
org.junit.runner.Description:getClassName org.junit.runner.Description:toString
org.junit.internal.runners.JUnit4ClassRunner:run org.junit.internal.runners.JUnit4ClassRunner:getDescription
org.junit.experimental.theories.internal.AllMembersSupplier:addFields org.junit.runners.model.TestClass:getJavaClass
junit.framework.JUnit4TestAdapterCache:asTest junit.framework.JUnit4TestAdapterCache:containsKey
org.junit.experimental.theories.Theories:validateDataPointFields org.junit.runners.model.TestClass:getJavaClass
org.junit.internal.runners.JUnit4ClassRunner:getTestMethods org.junit.internal.runners.TestClass:getTestMethods
org.junit.internal.runners.MethodRoadie:runBefores org.junit.internal.runners.TestMethod:getBefores
org.junit.experimental.results.PrintableResult:failureCount org.junit.runner.Result:getFailures
junit.textui.TestRunner:doRun junit.textui.TestRunner:pause
org.junit.experimental.max.MaxCore:sortRequest org.junit.experimental.max.MaxHistory:testComparator
org.junit.internal.runners.ErrorReportingRunner:runCause org.junit.runner.notification.RunNotifier:fireTestFinished
org.junit.runner.Description:equals org.junit.runner.Description:getDisplayName
junit.framework.TestCase:run junit.framework.TestCase:createResult
junit.textui.ResultPrinter:printErrors junit.textui.ResultPrinter:printDefects
org.junit.internal.runners.MethodValidator:validateMethodsForDefaultRunner org.junit.internal.runners.MethodValidator:validateStaticMethods
junit.runner.BaseTestRunner:getTest junit.runner.BaseTestRunner:clearStatus
org.junit.experimental.max.MaxCore:run org.junit.runner.JUnitCore:addListener
org.junit.internal.runners.JUnit4ClassRunner:filter org.junit.runner.manipulation.Filter:shouldRun
org.junit.internal.TextListener:printFooter org.junit.runner.Result:wasSuccessful
org.junit.experimental.theories.Theories:validateConstructor org.junit.experimental.theories.Theories:validateOnlyOneConstructor
org.junit.rules.ErrorCollector:checkThat org.junit.rules.ErrorCollector:checkSucceeds
junit.textui.TestRunner:runSingleMethod junit.textui.TestRunner:loadSuiteClass
junit.textui.ResultPrinter:printFooter junit.framework.TestResult:runCount
org.junit.runners.ParentRunner:shouldRun org.junit.runners.ParentRunner:describeChild
junit.framework.JUnit4TestCaseFacade:toString org.junit.runner.Description:toString
org.junit.rules.ExpectedException:expectMessage org.junit.rules.ExpectedException:expect
org.junit.internal.runners.JUnit4ClassRunner:getDescription org.junit.runner.Description:addChild
org.junit.internal.builders.SuiteMethodBuilder:runnerForClass org.junit.internal.builders.SuiteMethodBuilder:hasSuiteMethod
org.junit.runner.JUnitCore:run org.junit.runner.notification.RunNotifier:fireTestRunFinished
junit.textui.ResultPrinter:printDefects junit.textui.ResultPrinter:getWriter
org.junit.experimental.theories.internal.Assignments:getArgumentStrings org.junit.experimental.theories.PotentialAssignment:getDescription
org.junit.runners.BlockJUnit4ClassRunner:describeChild org.junit.runners.model.FrameworkMethod:getAnnotations
org.junit.internal.runners.MethodRoadie:runBefores org.junit.internal.runners.MethodRoadie:addFailure
org.junit.runners.BlockJUnit4ClassRunner:collectInitializationErrors org.junit.runners.BlockJUnit4ClassRunner:validateConstructor
org.junit.experimental.results.PrintableResult:toString org.junit.internal.TextListener:testRunFinished
org.junit.runners.ParentRunner:classBlock org.junit.runners.ParentRunner:withBeforeClasses
junit.textui.TestRunner:pause junit.textui.ResultPrinter:printWaitPrompt
org.junit.runners.ParentRunner:getFilteredChildren org.junit.runners.ParentRunner:getChildren
org.junit.experimental.theories.internal.AllMembersSupplier:addSinglePointMethods org.junit.experimental.theories.ParameterSignature:getType
org.junit.internal.matchers.SubstringMatcher:matchesSafely org.junit.internal.matchers.SubstringMatcher:evalSubstringOf
org.junit.internal.runners.TestClass:getTestMethods org.junit.internal.runners.TestClass:getAnnotatedMethods
org.junit.internal.runners.statements.RunBefores:evaluate org.junit.runners.model.FrameworkMethod:invokeExplosively
org.junit.runner.Description:addChild org.junit.runner.Description:getChildren
org.junit.runners.ParentRunner:run org.junit.internal.runners.model.EachTestNotifier:fireTestIgnored
org.junit.internal.runners.JUnit4ClassRunner:getDescription org.junit.internal.runners.JUnit4ClassRunner:getName
junit.framework.TestCase:run junit.framework.TestResult:run
org.junit.internal.ComparisonCriteria:arrayEquals org.junit.internal.ComparisonCriteria:assertElementsEqual
org.junit.runners.BlockJUnit4ClassRunner:computeTestMethods org.junit.runners.BlockJUnit4ClassRunner:getTestClass
org.junit.runner.JUnitCore:runMain org.junit.runner.JUnitCore:run
org.junit.internal.TextListener:testRunFinished org.junit.internal.TextListener:printFailures
junit.textui.ResultPrinter:printFailures junit.framework.TestResult:failureCount
org.junit.runners.ParentRunner:shouldRun org.junit.runner.manipulation.Filter:shouldRun
junit.framework.TestFailure:trace junit.framework.TestFailure:thrownException
junit.framework.JUnit4TestAdapter:filter org.junit.runner.manipulation.Filter:apply
org.junit.internal.runners.JUnit38ClassRunner:filter junit.framework.TestSuite:testAt
junit.textui.ResultPrinter:addFailure junit.textui.ResultPrinter:getWriter
org.junit.runners.model.RunnerBuilder:runners org.junit.runners.model.RunnerBuilder:safeRunnerForClass
org.junit.internal.runners.JUnit38ClassRunner:makeDescription junit.framework.TestSuite:testAt
org.junit.internal.runners.statements.RunAfters:evaluate org.junit.runners.model.FrameworkMethod:invokeExplosively
junit.framework.JUnit4TestAdapterCache:asTestList junit.framework.JUnit4TestAdapterCache:asTest
junit.framework.TestResult:run junit.framework.TestResult:endTest
org.junit.internal.TextListener:printFooter org.junit.runner.Result:getFailureCount
org.junit.internal.runners.MethodRoadie:runAfters org.junit.internal.runners.TestMethod:getAfters
org.junit.experimental.theories.internal.Assignments:getAllArguments org.junit.experimental.theories.internal.Assignments:getActualValues
junit.textui.TestRunner:doRun junit.textui.TestRunner:createTestResult
junit.textui.ResultPrinter:printDefect junit.textui.ResultPrinter:printDefectTrace
org.junit.experimental.theories.internal.Assignments:getAnnotatedSupplier org.junit.experimental.theories.ParameterSignature:findDeepAnnotation
org.junit.internal.runners.MethodValidator:validateTestMethods org.junit.internal.runners.TestClass:getAnnotatedMethods
org.junit.internal.runners.JUnit38ClassRunner:createSuiteDescription junit.framework.TestSuite:countTestCases
org.junit.internal.runners.JUnit38ClassRunner:createSuiteDescription junit.framework.TestSuite:testAt
org.junit.experimental.theories.internal.Assignments:getSupplier org.junit.experimental.theories.internal.Assignments:getAnnotatedSupplier
org.junit.internal.builders.IgnoredClassRunner:run org.junit.runner.notification.RunNotifier:fireTestIgnored
junit.textui.TestRunner:main junit.framework.TestResult:wasSuccessful
org.junit.runners.BlockJUnit4ClassRunner:describeChild org.junit.runners.model.TestClass:getJavaClass
org.junit.runners.ParentRunner:withAfterClasses org.junit.runners.model.TestClass:getAnnotatedMethods
junit.extensions.ActiveTestSuite:waitUntilFinished junit.extensions.ActiveTestSuite:testCount
org.junit.runners.BlockJUnit4ClassRunner:methodBlock org.junit.runners.BlockJUnit4ClassRunner:withBefores
junit.textui.TestRunner:start junit.textui.TestRunner:runSingleMethod
org.junit.runners.BlockJUnit4ClassRunner:createTest org.junit.runners.model.TestClass:getOnlyConstructor
org.junit.runners.BlockJUnit4ClassRunner:createRule org.junit.runners.model.FrameworkField:get
junit.framework.TestCase:runBare junit.framework.TestCase:setUp
org.junit.experimental.max.MaxCore:buildRunner org.junit.runner.Request:getRunner
org.junit.experimental.theories.internal.Assignments:potentialsForNextUnassigned org.junit.experimental.theories.ParameterSupplier:getValueSources
org.junit.runners.BlockJUnit4ClassRunner:describeChild org.junit.runners.BlockJUnit4ClassRunner:testName
org.junit.internal.runners.JUnit38ClassRunner:run org.junit.internal.runners.JUnit38ClassRunner:createAdaptingListener
org.junit.internal.runners.JUnit4ClassRunner:methodDescription org.junit.internal.runners.TestClass:getJavaClass
junit.framework.JUnit4TestAdapter:removeIgnored org.junit.runner.Description:childlessCopy
org.junit.runners.BlockJUnit4ClassRunner:describeChild org.junit.runners.BlockJUnit4ClassRunner:getTestClass
org.junit.internal.runners.ClassRoadie:addFailure org.junit.runner.notification.RunNotifier:fireTestFailure
org.junit.internal.matchers.SubstringMatcher:describeTo org.junit.internal.matchers.SubstringMatcher:relationship
org.junit.internal.runners.MethodRoadie:addFailure org.junit.runner.notification.RunNotifier:fireTestFailure
org.junit.internal.runners.model.EachTestNotifier:fireTestFinished org.junit.runner.notification.RunNotifier:fireTestFinished
org.junit.runner.Description:equals org.junit.runner.Description:getChildren
org.junit.internal.runners.ErrorReportingRunner:runCause org.junit.runner.notification.RunNotifier:fireTestStarted
org.junit.runner.Description:getTestClass org.junit.runner.Description:getClassName
junit.framework.TestSuite:addTestSuite junit.framework.TestSuite:addTest
org.junit.experimental.theories.ParameterSignature:getAnnotation org.junit.experimental.theories.ParameterSignature:getAnnotations
org.junit.internal.TextListener:testRunFinished org.junit.internal.TextListener:printHeader
junit.runner.BaseTestRunner:getTest junit.runner.BaseTestRunner:loadSuiteClass
junit.framework.TestFailure:exceptionMessage junit.framework.TestFailure:thrownException
org.junit.runners.ParentRunner:run org.junit.runners.ParentRunner:classBlock
junit.textui.ResultPrinter:addError junit.textui.ResultPrinter:getWriter
org.junit.runners.BlockJUnit4ClassRunner:runChild org.junit.internal.runners.model.EachTestNotifier:fireTestIgnored
org.junit.internal.runners.TestMethod:expectsException org.junit.internal.runners.TestMethod:getExpectedException
org.junit.internal.runners.MethodRoadie:run org.junit.internal.runners.MethodRoadie:runTest
org.junit.internal.runners.JUnit38ClassRunner:makeDescription junit.framework.TestSuite:getName
junit.framework.JUnit4TestAdapter:countTestCases org.junit.runner.Runner:testCount
org.junit.internal.TextListener:testRunFinished org.junit.internal.TextListener:printFooter
org.junit.experimental.theories.Theories:validateTestMethods org.junit.runners.model.FrameworkMethod:validatePublicVoidNoArg
org.junit.internal.runners.TestMethod:getBefores org.junit.internal.runners.TestClass:getAnnotatedMethods
org.junit.experimental.max.MaxCore:run org.junit.experimental.max.MaxHistory:listener
org.junit.internal.TextListener:printFailures org.junit.internal.TextListener:printFailure
org.junit.runner.Description:hashCode org.junit.runner.Description:getDisplayName
org.junit.experimental.max.MaxCore:run org.junit.runner.JUnitCore:run
org.junit.runners.model.TestClass:addToAnnotationLists org.junit.runners.model.FrameworkMember:getAnnotations
org.junit.internal.runners.JUnit4ClassRunner:methodDescription org.junit.internal.runners.JUnit4ClassRunner:testAnnotations
org.junit.internal.runners.ClassRoadie:runProtected org.junit.internal.runners.ClassRoadie:runUnprotected
org.junit.runners.BlockJUnit4ClassRunner:validateInstanceMethods org.junit.runners.BlockJUnit4ClassRunner:validatePublicVoidNoArgMethods
org.junit.runners.Parameterized:getParametersMethod org.junit.runners.model.FrameworkMethod:getMethod
org.junit.internal.runners.MethodValidator:validateMethodsForDefaultRunner org.junit.internal.runners.MethodValidator:validateNoArgConstructor
org.junit.runner.Runner:testCount org.junit.runner.Runner:getDescription
org.junit.runners.ParentRunner:getDescription org.junit.runners.model.TestClass:getAnnotations
org.junit.experimental.theories.internal.Assignments:getMethodArguments org.junit.experimental.theories.internal.Assignments:getActualValues
org.junit.experimental.theories.internal.AllMembersSupplier:addFields org.junit.experimental.theories.ParameterSignature:canAcceptType
org.junit.internal.runners.model.EachTestNotifier:addFailedAssumption org.junit.runner.notification.RunNotifier:fireTestAssumptionFailed
org.junit.internal.runners.JUnit4ClassRunner:getName org.junit.internal.runners.TestClass:getName
org.junit.internal.builders.AllDefaultPossibilitiesBuilder:runnerForClass org.junit.runners.model.RunnerBuilder:safeRunnerForClass
org.junit.internal.runners.JUnit4ClassRunner:testAborted org.junit.runner.notification.RunNotifier:fireTestStarted
org.junit.internal.runners.JUnit38ClassRunner:run junit.framework.TestResult:addListener
org.junit.internal.runners.MethodRoadie:run org.junit.internal.runners.TestMethod:getTimeout
org.junit.internal.runners.TestClass:getAfters org.junit.internal.runners.TestClass:getAnnotatedMethods
org.junit.runners.BlockJUnit4ClassRunner:ruleFields org.junit.runners.BlockJUnit4ClassRunner:getTestClass
org.junit.runner.JUnitCore:runMain org.junit.runner.JUnitCore:addListener
org.junit.runners.BlockJUnit4ClassRunner:validateTestMethods org.junit.runners.BlockJUnit4ClassRunner:validatePublicVoidNoArgMethods
org.junit.runners.BlockJUnit4ClassRunner:runChild org.junit.runners.model.FrameworkMethod:getAnnotation
org.junit.runners.BlockJUnit4ClassRunner:makeNotifier org.junit.runners.BlockJUnit4ClassRunner:describeChild
junit.textui.ResultPrinter:printDefectHeader junit.framework.TestFailure:failedTest
junit.textui.ResultPrinter:printDefectTrace junit.framework.TestFailure:trace
org.junit.experimental.max.MaxCore:findLeaves org.junit.runner.Runner:getDescription
org.junit.runner.JUnitCore:runMain org.junit.runner.Result:getFailures
junit.textui.ResultPrinter:printWaitPrompt junit.textui.ResultPrinter:getWriter
org.junit.internal.requests.FilterRequest:getRunner org.junit.runner.manipulation.Filter:apply
org.junit.internal.runners.TestClass:getBefores org.junit.internal.runners.TestClass:getAnnotatedMethods
org.junit.internal.builders.AnnotatedBuilder:runnerForClass org.junit.internal.builders.AnnotatedBuilder:buildRunner
org.junit.internal.runners.JUnit4ClassRunner:invokeTestMethod org.junit.internal.runners.JUnit4ClassRunner:createTest
org.junit.internal.runners.JUnit4ClassRunner:createTest org.junit.internal.runners.JUnit4ClassRunner:getTestClass
org.junit.internal.runners.model.EachTestNotifier:fireTestIgnored org.junit.runner.notification.RunNotifier:fireTestIgnored
org.junit.internal.runners.JUnit4ClassRunner:methodDescription org.junit.internal.runners.JUnit4ClassRunner:getTestClass
org.junit.runners.BlockJUnit4ClassRunner:withBefores org.junit.runners.BlockJUnit4ClassRunner:getTestClass
junit.textui.ResultPrinter:printFailures junit.framework.TestResult:failures
junit.textui.ResultPrinter:printDefects junit.textui.ResultPrinter:printDefect
org.junit.experimental.theories.Theories:computeTestMethods org.junit.experimental.theories.Theories:getTestClass
junit.textui.TestRunner:start junit.textui.TestRunner:doRun
org.junit.runners.BlockJUnit4ClassRunner:getChildren org.junit.runners.BlockJUnit4ClassRunner:computeTestMethods
junit.textui.TestRunner:doRun junit.textui.ResultPrinter:print
org.junit.runners.BlockJUnit4ClassRunner:methodBlock org.junit.runners.BlockJUnit4ClassRunner:methodInvoker
org.junit.runners.BlockJUnit4ClassRunner:ruleFields org.junit.runners.model.TestClass:getAnnotatedFields
junit.framework.TestResult:wasSuccessful junit.framework.TestResult:errorCount
org.junit.internal.runners.JUnit38ClassRunner:filter junit.framework.TestSuite:addTest
junit.textui.ResultPrinter:print junit.textui.ResultPrinter:printFailures
org.junit.internal.runners.model.EachTestNotifier:fireTestStarted org.junit.runner.notification.RunNotifier:fireTestStarted
org.junit.runner.notification.Failure:toString org.junit.runner.notification.Failure:getTestHeader
org.junit.internal.runners.model.EachTestNotifier:addFailure org.junit.runner.notification.RunNotifier:fireTestFailure
junit.framework.JUnit4TestAdapter:removeIgnored org.junit.runner.Description:isEmpty
org.junit.runner.JUnitCore:run org.junit.runner.Request:getRunner
org.junit.runners.ParentRunner:collectInitializationErrors org.junit.runners.ParentRunner:validatePublicVoidNoArgMethods
junit.framework.TestResult:run junit.framework.TestResult:runProtected
org.junit.internal.runners.TestMethod:getAfters org.junit.internal.runners.TestClass:getAnnotatedMethods
org.junit.internal.runners.JUnit4ClassRunner:invokeTestMethod org.junit.internal.runners.JUnit4ClassRunner:methodDescription
org.junit.runner.JUnitCore:run org.junit.runner.notification.RunNotifier:addFirstListener
org.junit.internal.runners.statements.RunBefores:evaluate org.junit.runners.model.Statement:evaluate
junit.framework.JUnit4TestAdapterCache:asTestList org.junit.runner.Description:getChildren
junit.extensions.RepeatedTest:run junit.framework.TestResult:shouldStop
org.junit.runners.ParentRunner:getDescription org.junit.runner.Description:addChild
junit.textui.ResultPrinter:printFooter junit.framework.TestResult:wasSuccessful
junit.framework.TestResult:runProtected junit.framework.TestResult:addFailure
junit.framework.JUnit4TestAdapterCache:asTestList org.junit.runner.Description:isTest
org.junit.experimental.theories.internal.Assignments:allUnassigned org.junit.runners.model.TestClass:getOnlyConstructor
org.junit.runners.BlockJUnit4ClassRunner:validateZeroArgConstructor org.junit.runners.model.TestClass:getOnlyConstructor
org.junit.internal.runners.ErrorReportingRunner:getCauses org.junit.runners.model.InitializationError:getCauses
org.junit.experimental.results.FailureList:result org.junit.runner.notification.RunListener:testFailure
org.junit.internal.runners.JUnit4ClassRunner:testAborted org.junit.runner.notification.RunNotifier:fireTestFinished
org.junit.runners.BlockJUnit4ClassRunner:validateConstructor org.junit.runners.BlockJUnit4ClassRunner:validateZeroArgConstructor
org.junit.internal.runners.ErrorReportingRunner:getCauses org.junit.internal.runners.InitializationError:getCauses
org.junit.internal.runners.JUnit4ClassRunner:validate org.junit.internal.runners.MethodValidator:validateMethodsForDefaultRunner
org.junit.internal.builders.AllDefaultPossibilitiesBuilder:runnerForClass org.junit.internal.builders.AllDefaultPossibilitiesBuilder:annotatedBuilder
junit.textui.TestRunner:run junit.textui.TestRunner:doRun
org.junit.Assert:internalArrayEquals org.junit.internal.ExactComparisonCriteria:arrayEquals
junit.framework.JUnit4TestAdapter:removeIgnored org.junit.runner.Description:addChild
org.junit.runner.notification.Failure:getMessage org.junit.runner.notification.Failure:getException
org.junit.runners.ParentRunner:getName org.junit.runners.model.TestClass:getName
junit.framework.JUnit4TestAdapterCache:createTest junit.framework.JUnit4TestAdapterCache:asTest
junit.framework.JUnit4TestAdapterCache:asTest junit.framework.JUnit4TestAdapterCache:put
org.junit.experimental.theories.internal.AllMembersSupplier:addSinglePointMethods org.junit.runners.model.FrameworkMethod:producesType
org.junit.internal.runners.ClassRoadie:runBefores org.junit.internal.runners.ClassRoadie:addFailure
junit.framework.TestSuite:addTestMethod junit.framework.TestSuite:addTest
org.junit.runners.ParentRunner:withBeforeClasses org.junit.runners.model.TestClass:getAnnotatedMethods
org.junit.internal.runners.MethodRoadie:runTest org.junit.internal.runners.MethodRoadie:runBeforesThenTestThenAfters
org.junit.experimental.max.MaxHistory:getFailureTimestamp org.junit.runner.Description:toString
junit.extensions.TestSetup:run junit.framework.TestResult:runProtected
org.junit.internal.runners.JUnit4ClassRunner:invokeTestMethod org.junit.internal.runners.JUnit4ClassRunner:wrapMethod
org.junit.internal.runners.JUnit38ClassRunner:filter org.junit.runner.manipulation.Filter:shouldRun
org.junit.runners.model.FrameworkMethod:isShadowedBy org.junit.runners.model.FrameworkMethod:getName
junit.textui.ResultPrinter:print junit.textui.ResultPrinter:printFooter
org.junit.runners.ParentRunner:filter org.junit.runners.ParentRunner:getChildren
org.junit.experimental.theories.internal.Assignments:potentialsForNextUnassigned org.junit.experimental.theories.internal.Assignments:getSupplier
org.junit.internal.ComparisonCriteria:arrayEquals org.junit.internal.ArrayComparisonFailure:addDimension
junit.runner.BaseTestRunner:endTest junit.runner.BaseTestRunner:testEnded
junit.framework.JUnit4TestAdapterCache:asTest junit.framework.JUnit4TestAdapterCache:get
junit.framework.JUnit4TestAdapter:run junit.framework.JUnit4TestAdapterCache:getNotifier
junit.framework.TestResult:wasSuccessful junit.framework.TestResult:failureCount
org.junit.internal.runners.MethodRoadie:run org.junit.runner.notification.RunNotifier:fireTestStarted
org.junit.internal.runners.MethodRoadie:runTestMethod org.junit.internal.runners.TestMethod:getExpectedException
org.junit.runner.Description:testCount org.junit.runner.Description:isTest
junit.framework.TestCase:runBare junit.framework.TestCase:runTest
org.junit.runners.BlockJUnit4ClassRunner:withBefores org.junit.runners.model.TestClass:getAnnotatedMethods
junit.runner.BaseTestRunner:processArguments junit.runner.BaseTestRunner:extractClassName
org.junit.experimental.theories.internal.AllMembersSupplier:addSinglePointMethods org.junit.runners.model.TestClass:getAnnotatedMethods
org.junit.runners.BlockJUnit4ClassRunner:validateInstanceMethods org.junit.runners.BlockJUnit4ClassRunner:validateTestMethods
junit.framework.TestCase:toString junit.framework.TestCase:getName
org.junit.runners.BlockJUnit4ClassRunner:validateZeroArgConstructor org.junit.runners.BlockJUnit4ClassRunner:getTestClass
org.junit.runners.BlockJUnit4ClassRunner:hasOneConstructor org.junit.runners.BlockJUnit4ClassRunner:getTestClass
org.junit.experimental.theories.ParameterSignature:canAcceptArrayType org.junit.experimental.theories.ParameterSignature:canAcceptType
org.junit.internal.runners.ErrorReportingRunner:getDescription org.junit.runner.Description:addChild
org.junit.experimental.results.FailureList:result org.junit.runner.Result:createListener
org.junit.internal.TextListener:printHeader org.junit.internal.TextListener:elapsedTimeAsString
org.junit.runners.ParentRunner:filterChild org.junit.runner.manipulation.Filter:apply
org.junit.runners.ParentRunner:validatePublicVoidNoArgMethods org.junit.runners.model.TestClass:getAnnotatedMethods
org.junit.runners.Suite:describeChild org.junit.runner.Runner:getDescription
org.junit.runners.BlockJUnit4ClassRunner:withPotentialTimeout org.junit.runners.model.FrameworkMethod:getAnnotation
org.junit.runners.model.RunnerBuilder:runners org.junit.runners.model.RunnerBuilder:removeParent
junit.framework.JUnit4TestAdapterCache:getNotifier org.junit.runner.notification.RunNotifier:addListener
org.junit.internal.builders.JUnit3Builder:runnerForClass org.junit.internal.builders.JUnit3Builder:isPre4Test
org.junit.runner.JUnitCore:run org.junit.runner.JUnitCore:removeListener
org.junit.internal.runners.JUnit38ClassRunner:filter junit.framework.TestSuite:testCount
org.junit.runners.ParentRunner:getDescription org.junit.runners.ParentRunner:describeChild
junit.textui.ResultPrinter:printDefect junit.textui.ResultPrinter:printDefectHeader
org.junit.runners.Parameterized:getParametersList org.junit.runners.model.FrameworkMethod:invokeExplosively
junit.textui.ResultPrinter:print junit.textui.ResultPrinter:printErrors
org.junit.runners.ParentRunner:getDescription org.junit.runners.ParentRunner:getName
org.junit.runners.ParentRunner:validatePublicVoidNoArgMethods org.junit.runners.model.FrameworkMethod:validatePublicVoidNoArg
org.junit.experimental.theories.Theories:validateTestMethods org.junit.experimental.theories.Theories:computeTestMethods
org.junit.runners.model.RunnerBuilder:runners org.junit.runners.model.RunnerBuilder:addParent
junit.runner.BaseTestRunner:processArguments junit.runner.BaseTestRunner:setLoading
org.junit.experimental.theories.Theories:validateTestMethods org.junit.runners.model.FrameworkMethod:validatePublicVoid
org.junit.experimental.max.MaxCore:findLeaves org.junit.runner.Request:getRunner
junit.framework.JUnit4TestAdapter:isIgnored org.junit.runner.Description:getAnnotation
org.junit.internal.runners.MethodRoadie:run org.junit.runner.notification.RunNotifier:fireTestIgnored
org.junit.runners.model.FrameworkMethod:validatePublicVoidNoArg org.junit.runners.model.FrameworkMethod:validatePublicVoid
org.junit.internal.runners.statements.InvokeMethod:evaluate org.junit.runners.model.FrameworkMethod:invokeExplosively
org.junit.internal.requests.SortingRequest:getRunner org.junit.runner.Request:getRunner
org.junit.experimental.theories.ParameterSignature:hasAnnotation org.junit.experimental.theories.ParameterSignature:getAnnotation
org.junit.runners.BlockJUnit4ClassRunner:validateInstanceMethods org.junit.runners.BlockJUnit4ClassRunner:computeTestMethods
org.junit.runner.Request:classes org.junit.runner.Computer:getSuite
org.junit.internal.matchers.TypeSafeMatcher:matches org.junit.internal.matchers.TypeSafeMatcher:matchesSafely
org.junit.internal.runners.MethodRoadie:runTestMethod org.junit.internal.runners.TestMethod:invoke
junit.runner.BaseTestRunner:addError junit.runner.BaseTestRunner:testFailed
org.junit.runner.Description:isTest org.junit.runner.Description:getChildren
org.junit.internal.TextListener:printFooter org.junit.runner.Result:getRunCount
junit.textui.TestRunner:main junit.textui.TestRunner:start
junit.textui.ResultPrinter:printFailures junit.textui.ResultPrinter:printDefects
org.junit.runners.ParentRunner:run org.junit.runners.model.Statement:evaluate
org.junit.runners.Parameterized:getParametersMethod org.junit.runners.model.TestClass:getName
junit.framework.ComparisonFailure:getMessage junit.framework.ComparisonCompactor:compact
org.junit.runners.ParentRunner:validatePublicVoidNoArgMethods org.junit.runners.ParentRunner:getTestClass
org.junit.experimental.max.MaxHistory:putTestDuration org.junit.runner.Description:toString
org.junit.internal.ArrayComparisonFailure:toString org.junit.internal.ArrayComparisonFailure:getMessage
junit.framework.TestResult:run junit.framework.TestResult:startTest
org.junit.experimental.max.MaxCore:findLeaves org.junit.runner.Description:toString
org.junit.experimental.theories.internal.AllMembersSupplier:addMultiPointMethods org.junit.runners.model.FrameworkMethod:invokeExplosively
org.junit.experimental.max.MaxHistory:forFolder org.junit.experimental.max.CouldNotReadCoreException:printStackTrace
junit.textui.TestRunner:doRun junit.framework.TestResult:addListener
org.junit.runner.Request:method org.junit.runner.Request:filterWith
org.junit.runners.ParentRunner:run org.junit.internal.runners.model.EachTestNotifier:addFailure
org.junit.runners.ParentRunner:classBlock org.junit.runners.ParentRunner:withAfterClasses
org.junit.runner.Description:isSuite org.junit.runner.Description:isTest
org.junit.internal.runners.JUnit4ClassRunner:getDescription org.junit.internal.runners.JUnit4ClassRunner:methodDescription
org.junit.internal.runners.JUnit4ClassRunner:methodDescription org.junit.internal.runners.JUnit4ClassRunner:testName
org.junit.internal.runners.JUnit38ClassRunner:makeDescription junit.extensions.TestDecorator:getTest
org.junit.internal.requests.ClassRequest:getRunner org.junit.internal.builders.AllDefaultPossibilitiesBuilder:safeRunnerForClass
org.junit.internal.requests.FilterRequest:getRunner org.junit.runner.manipulation.Filter:describe
org.junit.runners.ParentRunner:run org.junit.runners.ParentRunner:getDescription
org.junit.experimental.theories.internal.ParameterizedAssertionError:equals org.junit.experimental.theories.internal.ParameterizedAssertionError:toString
org.junit.internal.builders.AllDefaultPossibilitiesBuilder:runnerForClass org.junit.internal.builders.AllDefaultPossibilitiesBuilder:suiteMethodBuilder
org.junit.runners.ParentRunner:validate org.junit.runners.ParentRunner:collectInitializationErrors
org.junit.runners.BlockJUnit4ClassRunner:runChild org.junit.internal.runners.model.EachTestNotifier:fireTestFinished
org.junit.internal.builders.AllDefaultPossibilitiesBuilder:runnerForClass org.junit.internal.builders.AllDefaultPossibilitiesBuilder:junit3Builder
org.junit.runner.JUnitCore:addListener org.junit.runner.notification.RunNotifier:addListener
junit.runner.BaseTestRunner:getTest junit.runner.BaseTestRunner:runFailed
org.junit.runners.BlockJUnit4ClassRunner:methodBlock org.junit.runners.BlockJUnit4ClassRunner:withAfters
org.junit.runners.BlockJUnit4ClassRunner:runChild org.junit.runners.BlockJUnit4ClassRunner:methodBlock
org.junit.internal.TextListener:printFailure org.junit.runner.notification.Failure:getTestHeader
junit.textui.TestRunner:start junit.textui.TestRunner:getTest
junit.textui.TestRunner:runSingleMethod junit.textui.TestRunner:doRun
org.junit.internal.runners.JUnit4ClassRunner:runMethods org.junit.internal.runners.JUnit4ClassRunner:invokeTestMethod
org.junit.internal.runners.JUnit4ClassRunner:createTest org.junit.internal.runners.TestClass:getConstructor
junit.framework.JUnit4TestAdapter:getTests junit.framework.JUnit4TestAdapterCache:asTestList
org.junit.runner.JUnitCore:runClasses org.junit.runner.JUnitCore:run
org.junit.internal.runners.MethodRoadie:runAfters org.junit.internal.runners.MethodRoadie:addFailure
org.junit.runner.Computer:getRunner org.junit.runners.model.RunnerBuilder:runnerForClass
org.junit.internal.runners.MethodRoadie:runTestMethod org.junit.internal.runners.MethodRoadie:addFailure
junit.framework.JUnit4TestAdapter:getTests junit.framework.JUnit4TestAdapter:getDescription
org.junit.runner.JUnitCore:run org.junit.runner.notification.RunNotifier:fireTestRunStarted
org.junit.experimental.theories.internal.AllMembersSupplier:addMultiPointMethods org.junit.runners.model.FrameworkMethod:getName
org.junit.experimental.max.MaxCore:findLeaves org.junit.runner.Description:getChildren
org.junit.runners.BlockJUnit4ClassRunner:withRules org.junit.runners.BlockJUnit4ClassRunner:rules
org.junit.internal.runners.model.ReflectiveCallable:run org.junit.internal.runners.model.ReflectiveCallable:runReflectiveCall
org.junit.runner.JUnitCore:run org.junit.runner.Result:createListener
junit.textui.ResultPrinter:printFooter junit.framework.TestResult:failureCount
org.junit.experimental.ParallelComputer:parallelize org.junit.runners.ParentRunner:setScheduler
org.junit.rules.TemporaryFolder:before org.junit.rules.TemporaryFolder:create
org.junit.internal.builders.AllDefaultPossibilitiesBuilder:runnerForClass org.junit.internal.builders.AllDefaultPossibilitiesBuilder:junit4Builder
org.junit.runners.BlockJUnit4ClassRunner:methodBlock org.junit.runners.BlockJUnit4ClassRunner:possiblyExpectingExceptions
org.junit.experimental.theories.internal.Assignments:getConstructorParameterCount org.junit.runners.model.TestClass:getOnlyConstructor
junit.textui.R